[2025-06-19 17:42:28.760] [jointLog] [info] setting maxHashResizeThreads to 8
[2025-06-19 17:42:28.760] [jointLog] [info] Fragment incompatibility prior below threshold.  Incompatible fragments will be ignored.
[2025-06-19 17:42:28.760] [jointLog] [info] Usage of --validateMappings implies use of minScoreFraction. Since not explicitly specified, it is being set to 0.65
[2025-06-19 17:42:28.760] [jointLog] [info] Setting consensusSlack to selective-alignment default of 0.35.
[2025-06-19 17:42:28.760] [jointLog] [info] parsing read library format
[2025-06-19 17:42:28.760] [jointLog] [info] There is 1 library.
[2025-06-19 17:42:28.761] [jointLog] [info] Loading pufferfish index
[2025-06-19 17:42:28.761] [jointLog] [info] Loading dense pufferfish index.
[2025-06-19 17:42:52.529] [jointLog] [info] done
[2025-06-19 17:42:52.643] [jointLog] [info] Index contained 193,954 targets
[2025-06-19 17:42:52.669] [jointLog] [info] Number of decoys : 194
[2025-06-19 17:42:52.669] [jointLog] [info] First decoy index : 193,713 
[2025-06-19 17:42:53.081] [jointLog] [info] Automatically detected most likely library type as ISR

[2025-06-19 17:52:37.099] [jointLog] [info] Thread saw mini-batch with a maximum of 5.48% zero probability fragments
[2025-06-19 17:52:37.137] [jointLog] [info] Thread saw mini-batch with a maximum of 5.50% zero probability fragments
[2025-06-19 17:52:37.159] [jointLog] [info] Thread saw mini-batch with a maximum of 5.34% zero probability fragments
[2025-06-19 17:52:37.164] [jointLog] [info] Thread saw mini-batch with a maximum of 5.36% zero probability fragments
[2025-06-19 17:52:37.173] [jointLog] [info] Thread saw mini-batch with a maximum of 5.38% zero probability fragments
[2025-06-19 17:52:37.216] [jointLog] [info] Thread saw mini-batch with a maximum of 5.52% zero probability fragments
[2025-06-19 17:52:37.261] [jointLog] [info] Thread saw mini-batch with a maximum of 5.44% zero probability fragments
[2025-06-19 17:52:37.281] [jointLog] [info] Thread saw mini-batch with a maximum of 5.24% zero probability fragments
[2025-06-19 17:52:37.550] [fileLog] [info] 
At end of round 0
==================
Observed 89786321 total fragments (89786321 in most recent round)

[2025-06-19 17:52:37.550] [jointLog] [info] Computed 548,985 rich equivalence classes for further processing
[2025-06-19 17:52:37.550] [jointLog] [info] Counted 78,946,571 total reads in the equivalence classes 
[2025-06-19 17:52:37.557] [jointLog] [info] Number of mappings discarded because of alignment score : 45,184,167
[2025-06-19 17:52:37.557] [jointLog] [info] Number of fragments entirely discarded because of alignment score : 3,647,293
[2025-06-19 17:52:37.557] [jointLog] [info] Number of fragments discarded because they are best-mapped to decoys : 2,355,086
[2025-06-19 17:52:37.557] [jointLog] [info] Number of fragments discarded because they have only dovetail (discordant) mappings to valid targets : 164,655
[2025-06-19 17:52:37.557] [jointLog] [info] Mapping rate = 87.9272%

[2025-06-19 17:52:37.557] [jointLog] [info] finished quantifyLibrary()
[2025-06-19 17:52:37.559] [jointLog] [info] Starting optimizer
[2025-06-19 17:52:37.648] [jointLog] [info] Marked 0 weighted equivalence classes as degenerate
[2025-06-19 17:52:37.662] [jointLog] [info] iteration = 0 | max rel diff. = 42.0442
[2025-06-19 17:52:38.977] [jointLog] [info] iteration = 100 | max rel diff. = 13.5984
[2025-06-19 17:52:40.291] [jointLog] [info] iteration = 200 | max rel diff. = 9.12896
[2025-06-19 17:52:41.605] [jointLog] [info] iteration = 300 | max rel diff. = 10.4215
[2025-06-19 17:52:42.918] [jointLog] [info] iteration = 400 | max rel diff. = 1.70611
[2025-06-19 17:52:44.232] [jointLog] [info] iteration = 500 | max rel diff. = 3.4759
[2025-06-19 17:52:45.545] [jointLog] [info] iteration = 600 | max rel diff. = 2.02432
[2025-06-19 17:52:46.859] [jointLog] [info] iteration = 700 | max rel diff. = 0.726009
[2025-06-19 17:52:48.172] [jointLog] [info] iteration = 800 | max rel diff. = 0.608991
[2025-06-19 17:52:49.486] [jointLog] [info] iteration = 900 | max rel diff. = 5.58655
[2025-06-19 17:52:50.800] [jointLog] [info] iteration = 1,000 | max rel diff. = 0.0683996
[2025-06-19 17:52:52.114] [jointLog] [info] iteration = 1,100 | max rel diff. = 0.111852
[2025-06-19 17:52:53.427] [jointLog] [info] iteration = 1,200 | max rel diff. = 0.097175
[2025-06-19 17:52:54.740] [jointLog] [info] iteration = 1,300 | max rel diff. = 0.0287319
[2025-06-19 17:52:56.053] [jointLog] [info] iteration = 1,400 | max rel diff. = 0.899138
[2025-06-19 17:52:57.367] [jointLog] [info] iteration = 1,500 | max rel diff. = 0.0904035
[2025-06-19 17:52:58.680] [jointLog] [info] iteration = 1,600 | max rel diff. = 0.134019
[2025-06-19 17:52:59.993] [jointLog] [info] iteration = 1,700 | max rel diff. = 0.0377111
[2025-06-19 17:53:01.306] [jointLog] [info] iteration = 1,800 | max rel diff. = 0.0727432
[2025-06-19 17:53:02.619] [jointLog] [info] iteration = 1,900 | max rel diff. = 0.0214564
[2025-06-19 17:53:03.932] [jointLog] [info] iteration = 2,000 | max rel diff. = 0.0437477
[2025-06-19 17:53:04.628] [jointLog] [info] iteration = 2,054 | max rel diff. = 0.00871068
[2025-06-19 17:53:04.633] [jointLog] [info] Finished optimizer
[2025-06-19 17:53:04.633] [jointLog] [info] writing output 

