                                 Started job on |	Jun 19 18:00:27
                             Started mapping on |	Jun 19 18:00:38
                                    Finished on |	Jun 19 18:17:44
       Mapping speed, Million of reads per hour |	432.10

                          Number of input reads |	123148496
                      Average input read length |	299
                                    UNIQUE READS:
                   Uniquely mapped reads number |	118768445
                        Uniquely mapped reads % |	96.44%
                          Average mapped length |	297.83
                       Number of splices: Total |	133195034
            Number of splices: Annotated (sjdb) |	132346714
                       Number of splices: GT/AG |	132092427
                       Number of splices: GC/AG |	782742
                       Number of splices: AT/AC |	99114
               Number of splices: Non-canonical |	220751
                      Mismatch rate per base, % |	0.24%
                         Deletion rate per base |	0.02%
                        Deletion average length |	1.73
                        Insertion rate per base |	0.01%
                       Insertion average length |	1.98
                             MULTI-MAPPING READS:
        Number of reads mapped to multiple loci |	3042503
             % of reads mapped to multiple loci |	2.47%
        Number of reads mapped to too many loci |	21445
             % of reads mapped to too many loci |	0.02%
                                  UNMAPPED READS:
  Number of reads unmapped: too many mismatches |	0
       % of reads unmapped: too many mismatches |	0.00%
            Number of reads unmapped: too short |	1300242
                 % of reads unmapped: too short |	1.06%
                Number of reads unmapped: other |	15861
                     % of reads unmapped: other |	0.01%
                                  CHIMERIC READS:
                       Number of chimeric reads |	0
                            % of chimeric reads |	0.00%
