                                 Started job on |	Jun 19 18:00:32
                             Started mapping on |	Jun 19 18:00:42
                                    Finished on |	Jun 19 18:15:49
       Mapping speed, Million of reads per hour |	415.72

                          Number of input reads |	104738422
                      Average input read length |	299
                                    UNIQUE READS:
                   Uniquely mapped reads number |	101914103
                        Uniquely mapped reads % |	97.30%
                          Average mapped length |	297.99
                       Number of splices: Total |	121087864
            Number of splices: Annotated (sjdb) |	120290083
                       Number of splices: GT/AG |	120175257
                       Number of splices: GC/AG |	620908
                       Number of splices: AT/AC |	90473
               Number of splices: Non-canonical |	201226
                      Mismatch rate per base, % |	0.23%
                         Deletion rate per base |	0.01%
                        Deletion average length |	1.86
                        Insertion rate per base |	0.01%
                       Insertion average length |	1.99
                             MULTI-MAPPING READS:
        Number of reads mapped to multiple loci |	1748045
             % of reads mapped to multiple loci |	1.67%
        Number of reads mapped to too many loci |	11898
             % of reads mapped to too many loci |	0.01%
                                  UNMAPPED READS:
  Number of reads unmapped: too many mismatches |	0
       % of reads unmapped: too many mismatches |	0.00%
            Number of reads unmapped: too short |	1052274
                 % of reads unmapped: too short |	1.00%
                Number of reads unmapped: other |	12102
                     % of reads unmapped: other |	0.01%
                                  CHIMERIC READS:
                       Number of chimeric reads |	0
                            % of chimeric reads |	0.00%
