                                 Started job on |	Jun 19 18:00:27
                             Started mapping on |	Jun 19 18:00:38
                                    Finished on |	Jun 19 18:15:27
       Mapping speed, Million of reads per hour |	424.54

                          Number of input reads |	104838088
                      Average input read length |	299
                                    UNIQUE READS:
                   Uniquely mapped reads number |	101951618
                        Uniquely mapped reads % |	97.25%
                          Average mapped length |	298.00
                       Number of splices: Total |	113692879
            Number of splices: Annotated (sjdb) |	112872445
                       Number of splices: GT/AG |	112785977
                       Number of splices: GC/AG |	624926
                       Number of splices: AT/AC |	81267
               Number of splices: Non-canonical |	200709
                      Mismatch rate per base, % |	0.24%
                         Deletion rate per base |	0.01%
                        Deletion average length |	1.91
                        Insertion rate per base |	0.01%
                       Insertion average length |	1.79
                             MULTI-MAPPING READS:
        Number of reads mapped to multiple loci |	1784592
             % of reads mapped to multiple loci |	1.70%
        Number of reads mapped to too many loci |	13552
             % of reads mapped to too many loci |	0.01%
                                  UNMAPPED READS:
  Number of reads unmapped: too many mismatches |	0
       % of reads unmapped: too many mismatches |	0.00%
            Number of reads unmapped: too short |	1074306
                 % of reads unmapped: too short |	1.02%
                Number of reads unmapped: other |	14020
                     % of reads unmapped: other |	0.01%
                                  CHIMERIC READS:
                       Number of chimeric reads |	0
                            % of chimeric reads |	0.00%
