                                 Started job on |	Jun 19 18:00:32
                             Started mapping on |	Jun 19 18:00:42
                                    Finished on |	Jun 19 18:15:49
       Mapping speed, Million of reads per hour |	456.35

                          Number of input reads |	114976101
                      Average input read length |	299
                                    UNIQUE READS:
                   Uniquely mapped reads number |	111633674
                        Uniquely mapped reads % |	97.09%
                          Average mapped length |	297.90
                       Number of splices: Total |	123221306
            Number of splices: Annotated (sjdb) |	122320073
                       Number of splices: GT/AG |	122109287
                       Number of splices: GC/AG |	766996
                       Number of splices: AT/AC |	104570
               Number of splices: Non-canonical |	240453
                      Mismatch rate per base, % |	0.25%
                         Deletion rate per base |	0.01%
                        Deletion average length |	1.75
                        Insertion rate per base |	0.01%
                       Insertion average length |	1.86
                             MULTI-MAPPING READS:
        Number of reads mapped to multiple loci |	2102096
             % of reads mapped to multiple loci |	1.83%
        Number of reads mapped to too many loci |	14623
             % of reads mapped to too many loci |	0.01%
                                  UNMAPPED READS:
  Number of reads unmapped: too many mismatches |	0
       % of reads unmapped: too many mismatches |	0.00%
            Number of reads unmapped: too short |	1209172
                 % of reads unmapped: too short |	1.05%
                Number of reads unmapped: other |	16536
                     % of reads unmapped: other |	0.01%
                                  CHIMERIC READS:
                       Number of chimeric reads |	0
                            % of chimeric reads |	0.00%
