                                 Started job on |	Jun 19 18:00:31
                             Started mapping on |	Jun 19 18:00:41
                                    Finished on |	Jun 19 18:15:38
       Mapping speed, Million of reads per hour |	421.94

                          Number of input reads |	105133249
                      Average input read length |	298
                                    UNIQUE READS:
                   Uniquely mapped reads number |	100176196
                        Uniquely mapped reads % |	95.28%
                          Average mapped length |	297.29
                       Number of splices: Total |	110556424
            Number of splices: Annotated (sjdb) |	109818549
                       Number of splices: GT/AG |	109649108
                       Number of splices: GC/AG |	651826
                       Number of splices: AT/AC |	77965
               Number of splices: Non-canonical |	177525
                      Mismatch rate per base, % |	0.19%
                         Deletion rate per base |	0.01%
                        Deletion average length |	1.88
                        Insertion rate per base |	0.01%
                       Insertion average length |	1.74
                             MULTI-MAPPING READS:
        Number of reads mapped to multiple loci |	3525126
             % of reads mapped to multiple loci |	3.35%
        Number of reads mapped to too many loci |	17531
             % of reads mapped to too many loci |	0.02%
                                  UNMAPPED READS:
  Number of reads unmapped: too many mismatches |	0
       % of reads unmapped: too many mismatches |	0.00%
            Number of reads unmapped: too short |	1400066
                 % of reads unmapped: too short |	1.33%
                Number of reads unmapped: other |	14330
                     % of reads unmapped: other |	0.01%
                                  CHIMERIC READS:
                       Number of chimeric reads |	0
                            % of chimeric reads |	0.00%
