                                 Started job on |	Jun 19 18:00:29
                             Started mapping on |	Jun 19 18:00:40
                                    Finished on |	Jun 19 18:13:04
       Mapping speed, Million of reads per hour |	450.11

                          Number of input reads |	93022774
                      Average input read length |	298
                                    UNIQUE READS:
                   Uniquely mapped reads number |	89946121
                        Uniquely mapped reads % |	96.69%
                          Average mapped length |	297.15
                       Number of splices: Total |	105867968
            Number of splices: Annotated (sjdb) |	105225610
                       Number of splices: GT/AG |	105044159
                       Number of splices: GC/AG |	596135
                       Number of splices: AT/AC |	81186
               Number of splices: Non-canonical |	146488
                      Mismatch rate per base, % |	0.20%
                         Deletion rate per base |	0.01%
                        Deletion average length |	1.86
                        Insertion rate per base |	0.01%
                       Insertion average length |	1.80
                             MULTI-MAPPING READS:
        Number of reads mapped to multiple loci |	1790484
             % of reads mapped to multiple loci |	1.92%
        Number of reads mapped to too many loci |	14866
             % of reads mapped to too many loci |	0.02%
                                  UNMAPPED READS:
  Number of reads unmapped: too many mismatches |	0
       % of reads unmapped: too many mismatches |	0.00%
            Number of reads unmapped: too short |	1255193
                 % of reads unmapped: too short |	1.35%
                Number of reads unmapped: other |	16110
                     % of reads unmapped: other |	0.02%
                                  CHIMERIC READS:
                       Number of chimeric reads |	0
                            % of chimeric reads |	0.00%
