                                 Started job on |	Jun 19 18:03:22
                             Started mapping on |	Jun 19 18:03:37
                                    Finished on |	Jun 19 18:20:39
       Mapping speed, Million of reads per hour |	403.25

                          Number of input reads |	114476990
                      Average input read length |	298
                                    UNIQUE READS:
                   Uniquely mapped reads number |	111050374
                        Uniquely mapped reads % |	97.01%
                          Average mapped length |	297.21
                       Number of splices: Total |	134239294
            Number of splices: Annotated (sjdb) |	133440904
                       Number of splices: GT/AG |	133211735
                       Number of splices: GC/AG |	754111
                       Number of splices: AT/AC |	99684
               Number of splices: Non-canonical |	173764
                      Mismatch rate per base, % |	0.19%
                         Deletion rate per base |	0.01%
                        Deletion average length |	1.90
                        Insertion rate per base |	0.01%
                       Insertion average length |	1.85
                             MULTI-MAPPING READS:
        Number of reads mapped to multiple loci |	1813731
             % of reads mapped to multiple loci |	1.58%
        Number of reads mapped to too many loci |	14716
             % of reads mapped to too many loci |	0.01%
                                  UNMAPPED READS:
  Number of reads unmapped: too many mismatches |	0
       % of reads unmapped: too many mismatches |	0.00%
            Number of reads unmapped: too short |	1582765
                 % of reads unmapped: too short |	1.38%
                Number of reads unmapped: other |	15404
                     % of reads unmapped: other |	0.01%
                                  CHIMERIC READS:
                       Number of chimeric reads |	0
                            % of chimeric reads |	0.00%
