                                 Started job on |	Jun 19 18:00:30
                             Started mapping on |	Jun 19 18:00:41
                                    Finished on |	Jun 19 18:15:35
       Mapping speed, Million of reads per hour |	431.80

                          Number of input reads |	107229652
                      Average input read length |	297
                                    UNIQUE READS:
                   Uniquely mapped reads number |	103965692
                        Uniquely mapped reads % |	96.96%
                          Average mapped length |	296.83
                       Number of splices: Total |	122932673
            Number of splices: Annotated (sjdb) |	122162137
                       Number of splices: GT/AG |	121934152
                       Number of splices: GC/AG |	722185
                       Number of splices: AT/AC |	104754
               Number of splices: Non-canonical |	171582
                      Mismatch rate per base, % |	0.18%
                         Deletion rate per base |	0.01%
                        Deletion average length |	1.83
                        Insertion rate per base |	0.01%
                       Insertion average length |	1.71
                             MULTI-MAPPING READS:
        Number of reads mapped to multiple loci |	1752792
             % of reads mapped to multiple loci |	1.63%
        Number of reads mapped to too many loci |	13034
             % of reads mapped to too many loci |	0.01%
                                  UNMAPPED READS:
  Number of reads unmapped: too many mismatches |	0
       % of reads unmapped: too many mismatches |	0.00%
            Number of reads unmapped: too short |	1481915
                 % of reads unmapped: too short |	1.38%
                Number of reads unmapped: other |	16219
                     % of reads unmapped: other |	0.02%
                                  CHIMERIC READS:
                       Number of chimeric reads |	0
                            % of chimeric reads |	0.00%
