                                 Started job on |	Jan 09 12:13:57
                             Started mapping on |	Jan 09 12:31:20
                                    Finished on |	Jan 09 13:03:06
       Mapping speed, Million of reads per hour |	232.60

                          Number of input reads |	123148496
                      Average input read length |	299
                                    UNIQUE READS:
                   Uniquely mapped reads number |	118248156
                        Uniquely mapped reads % |	96.02%
                          Average mapped length |	297.85
                       Number of splices: Total |	132593067
            Number of splices: Annotated (sjdb) |	132404331
                       Number of splices: GT/AG |	131366056
                       Number of splices: GC/AG |	887070
                       Number of splices: AT/AC |	102090
               Number of splices: Non-canonical |	237851
                      Mismatch rate per base, % |	0.24%
                         Deletion rate per base |	0.02%
                        Deletion average length |	1.73
                        Insertion rate per base |	0.01%
                       Insertion average length |	1.98
                             MULTI-MAPPING READS:
        Number of reads mapped to multiple loci |	3523685
             % of reads mapped to multiple loci |	2.86%
        Number of reads mapped to too many loci |	29725
             % of reads mapped to too many loci |	0.02%
                                  UNMAPPED READS:
  Number of reads unmapped: too many mismatches |	0
       % of reads unmapped: too many mismatches |	0.00%
            Number of reads unmapped: too short |	1300982
                 % of reads unmapped: too short |	1.06%
                Number of reads unmapped: other |	45948
                     % of reads unmapped: other |	0.04%
                                  CHIMERIC READS:
                       Number of chimeric reads |	0
                            % of chimeric reads |	0.00%
