                                 Started job on |	Jan 09 11:49:31
                             Started mapping on |	Jan 09 12:04:35
                                    Finished on |	Jan 09 12:35:19
       Mapping speed, Million of reads per hour |	204.48

                          Number of input reads |	104738422
                      Average input read length |	299
                                    UNIQUE READS:
                   Uniquely mapped reads number |	101365511
                        Uniquely mapped reads % |	96.78%
                          Average mapped length |	298.00
                       Number of splices: Total |	120343573
            Number of splices: Annotated (sjdb) |	120167906
                       Number of splices: GT/AG |	119331824
                       Number of splices: GC/AG |	700003
                       Number of splices: AT/AC |	96064
               Number of splices: Non-canonical |	215682
                      Mismatch rate per base, % |	0.22%
                         Deletion rate per base |	0.01%
                        Deletion average length |	1.86
                        Insertion rate per base |	0.01%
                       Insertion average length |	2.00
                             MULTI-MAPPING READS:
        Number of reads mapped to multiple loci |	2269361
             % of reads mapped to multiple loci |	2.17%
        Number of reads mapped to too many loci |	12137
             % of reads mapped to too many loci |	0.01%
                                  UNMAPPED READS:
  Number of reads unmapped: too many mismatches |	0
       % of reads unmapped: too many mismatches |	0.00%
            Number of reads unmapped: too short |	1052990
                 % of reads unmapped: too short |	1.01%
                Number of reads unmapped: other |	38423
                     % of reads unmapped: other |	0.04%
                                  CHIMERIC READS:
                       Number of chimeric reads |	0
                            % of chimeric reads |	0.00%
