                                 Started job on |	Jan 09 11:47:45
                             Started mapping on |	Jan 09 12:03:28
                                    Finished on |	Jan 09 12:29:07
       Mapping speed, Million of reads per hour |	245.24

                          Number of input reads |	104838088
                      Average input read length |	299
                                    UNIQUE READS:
                   Uniquely mapped reads number |	101478267
                        Uniquely mapped reads % |	96.80%
                          Average mapped length |	298.02
                       Number of splices: Total |	113117922
            Number of splices: Annotated (sjdb) |	112944170
                       Number of splices: GT/AG |	112097944
                       Number of splices: GC/AG |	716445
                       Number of splices: AT/AC |	84430
               Number of splices: Non-canonical |	219103
                      Mismatch rate per base, % |	0.24%
                         Deletion rate per base |	0.01%
                        Deletion average length |	1.91
                        Insertion rate per base |	0.01%
                       Insertion average length |	1.79
                             MULTI-MAPPING READS:
        Number of reads mapped to multiple loci |	2216577
             % of reads mapped to multiple loci |	2.11%
        Number of reads mapped to too many loci |	14328
             % of reads mapped to too many loci |	0.01%
                                  UNMAPPED READS:
  Number of reads unmapped: too many mismatches |	0
       % of reads unmapped: too many mismatches |	0.00%
            Number of reads unmapped: too short |	1074777
                 % of reads unmapped: too short |	1.03%
                Number of reads unmapped: other |	54139
                     % of reads unmapped: other |	0.05%
                                  CHIMERIC READS:
                       Number of chimeric reads |	0
                            % of chimeric reads |	0.00%
