                                 Started job on |	Jan 09 11:47:45
                             Started mapping on |	Jan 09 12:03:12
                                    Finished on |	Jan 09 12:24:46
       Mapping speed, Million of reads per hour |	319.87

                          Number of input reads |	114976101
                      Average input read length |	299
                                    UNIQUE READS:
                   Uniquely mapped reads number |	111219771
                        Uniquely mapped reads % |	96.73%
                          Average mapped length |	297.91
                       Number of splices: Total |	122983675
            Number of splices: Annotated (sjdb) |	122776950
                       Number of splices: GT/AG |	121749214
                       Number of splices: GC/AG |	868176
                       Number of splices: AT/AC |	107870
               Number of splices: Non-canonical |	258415
                      Mismatch rate per base, % |	0.25%
                         Deletion rate per base |	0.01%
                        Deletion average length |	1.75
                        Insertion rate per base |	0.01%
                       Insertion average length |	1.86
                             MULTI-MAPPING READS:
        Number of reads mapped to multiple loci |	2485400
             % of reads mapped to multiple loci |	2.16%
        Number of reads mapped to too many loci |	17259
             % of reads mapped to too many loci |	0.02%
                                  UNMAPPED READS:
  Number of reads unmapped: too many mismatches |	0
       % of reads unmapped: too many mismatches |	0.00%
            Number of reads unmapped: too short |	1210379
                 % of reads unmapped: too short |	1.05%
                Number of reads unmapped: other |	43292
                     % of reads unmapped: other |	0.04%
                                  CHIMERIC READS:
                       Number of chimeric reads |	0
                            % of chimeric reads |	0.00%
