                                 Started job on |	Jan 09 12:28:40
                             Started mapping on |	Jan 09 12:43:06
                                    Finished on |	Jan 09 13:05:13
       Mapping speed, Million of reads per hour |	285.21

                          Number of input reads |	105133249
                      Average input read length |	298
                                    UNIQUE READS:
                   Uniquely mapped reads number |	99803653
                        Uniquely mapped reads % |	94.93%
                          Average mapped length |	297.30
                       Number of splices: Total |	110317756
            Number of splices: Annotated (sjdb) |	110164454
                       Number of splices: GT/AG |	109280035
                       Number of splices: GC/AG |	753271
                       Number of splices: AT/AC |	84997
               Number of splices: Non-canonical |	199453
                      Mismatch rate per base, % |	0.19%
                         Deletion rate per base |	0.01%
                        Deletion average length |	1.88
                        Insertion rate per base |	0.01%
                       Insertion average length |	1.75
                             MULTI-MAPPING READS:
        Number of reads mapped to multiple loci |	3858361
             % of reads mapped to multiple loci |	3.67%
        Number of reads mapped to too many loci |	30458
             % of reads mapped to too many loci |	0.03%
                                  UNMAPPED READS:
  Number of reads unmapped: too many mismatches |	0
       % of reads unmapped: too many mismatches |	0.00%
            Number of reads unmapped: too short |	1400801
                 % of reads unmapped: too short |	1.33%
                Number of reads unmapped: other |	39976
                     % of reads unmapped: other |	0.04%
                                  CHIMERIC READS:
                       Number of chimeric reads |	0
                            % of chimeric reads |	0.00%
