                                 Started job on |	Jan 09 12:19:48
                             Started mapping on |	Jan 09 12:33:38
                                    Finished on |	Jan 09 12:51:16
       Mapping speed, Million of reads per hour |	316.52

                          Number of input reads |	93022774
                      Average input read length |	298
                                    UNIQUE READS:
                   Uniquely mapped reads number |	89615431
                        Uniquely mapped reads % |	96.34%
                          Average mapped length |	297.16
                       Number of splices: Total |	105624412
            Number of splices: Annotated (sjdb) |	105496862
                       Number of splices: GT/AG |	104711618
                       Number of splices: GC/AG |	660709
                       Number of splices: AT/AC |	90694
               Number of splices: Non-canonical |	161391
                      Mismatch rate per base, % |	0.20%
                         Deletion rate per base |	0.01%
                        Deletion average length |	1.86
                        Insertion rate per base |	0.01%
                       Insertion average length |	1.79
                             MULTI-MAPPING READS:
        Number of reads mapped to multiple loci |	2094313
             % of reads mapped to multiple loci |	2.25%
        Number of reads mapped to too many loci |	14447
             % of reads mapped to too many loci |	0.02%
                                  UNMAPPED READS:
  Number of reads unmapped: too many mismatches |	0
       % of reads unmapped: too many mismatches |	0.00%
            Number of reads unmapped: too short |	1257250
                 % of reads unmapped: too short |	1.35%
                Number of reads unmapped: other |	41333
                     % of reads unmapped: other |	0.04%
                                  CHIMERIC READS:
                       Number of chimeric reads |	0
                            % of chimeric reads |	0.00%
