                                 Started job on |	Jan 09 11:52:01
                             Started mapping on |	Jan 09 12:05:39
                                    Finished on |	Jan 09 12:27:15
       Mapping speed, Million of reads per hour |	249.41

                          Number of input reads |	89786321
                      Average input read length |	298
                                    UNIQUE READS:
                   Uniquely mapped reads number |	86624885
                        Uniquely mapped reads % |	96.48%
                          Average mapped length |	296.97
                       Number of splices: Total |	103189908
            Number of splices: Annotated (sjdb) |	103063455
                       Number of splices: GT/AG |	102302077
                       Number of splices: GC/AG |	647499
                       Number of splices: AT/AC |	85542
               Number of splices: Non-canonical |	154790
                      Mismatch rate per base, % |	0.18%
                         Deletion rate per base |	0.01%
                        Deletion average length |	1.83
                        Insertion rate per base |	0.01%
                       Insertion average length |	1.87
                             MULTI-MAPPING READS:
        Number of reads mapped to multiple loci |	1925914
             % of reads mapped to multiple loci |	2.14%
        Number of reads mapped to too many loci |	11315
             % of reads mapped to too many loci |	0.01%
                                  UNMAPPED READS:
  Number of reads unmapped: too many mismatches |	0
       % of reads unmapped: too many mismatches |	0.00%
            Number of reads unmapped: too short |	1184309
                 % of reads unmapped: too short |	1.32%
                Number of reads unmapped: other |	39898
                     % of reads unmapped: other |	0.04%
                                  CHIMERIC READS:
                       Number of chimeric reads |	0
                            % of chimeric reads |	0.00%
