                                 Started job on |	Jan 09 11:52:01
                             Started mapping on |	Jan 09 12:08:49
                                    Finished on |	Jan 09 12:38:14
       Mapping speed, Million of reads per hour |	233.49

                          Number of input reads |	114476990
                      Average input read length |	298
                                    UNIQUE READS:
                   Uniquely mapped reads number |	110581187
                        Uniquely mapped reads % |	96.60%
                          Average mapped length |	297.22
                       Number of splices: Total |	133627916
            Number of splices: Annotated (sjdb) |	133475527
                       Number of splices: GT/AG |	132494640
                       Number of splices: GC/AG |	829884
                       Number of splices: AT/AC |	112300
               Number of splices: Non-canonical |	191092
                      Mismatch rate per base, % |	0.19%
                         Deletion rate per base |	0.01%
                        Deletion average length |	1.90
                        Insertion rate per base |	0.01%
                       Insertion average length |	1.86
                             MULTI-MAPPING READS:
        Number of reads mapped to multiple loci |	2254671
             % of reads mapped to multiple loci |	1.97%
        Number of reads mapped to too many loci |	15504
             % of reads mapped to too many loci |	0.01%
                                  UNMAPPED READS:
  Number of reads unmapped: too many mismatches |	0
       % of reads unmapped: too many mismatches |	0.00%
            Number of reads unmapped: too short |	1583028
                 % of reads unmapped: too short |	1.38%
                Number of reads unmapped: other |	42600
                     % of reads unmapped: other |	0.04%
                                  CHIMERIC READS:
                       Number of chimeric reads |	0
                            % of chimeric reads |	0.00%
