                                 Started job on |	Jan 09 11:49:31
                             Started mapping on |	Jan 09 12:04:18
                                    Finished on |	Jan 09 12:26:42
       Mapping speed, Million of reads per hour |	287.22

                          Number of input reads |	107229652
                      Average input read length |	297
                                    UNIQUE READS:
                   Uniquely mapped reads number |	103612117
                        Uniquely mapped reads % |	96.63%
                          Average mapped length |	296.84
                       Number of splices: Total |	122639762
            Number of splices: Annotated (sjdb) |	122492242
                       Number of splices: GT/AG |	121546408
                       Number of splices: GC/AG |	796863
                       Number of splices: AT/AC |	110175
               Number of splices: Non-canonical |	186316
                      Mismatch rate per base, % |	0.18%
                         Deletion rate per base |	0.01%
                        Deletion average length |	1.84
                        Insertion rate per base |	0.01%
                       Insertion average length |	1.72
                             MULTI-MAPPING READS:
        Number of reads mapped to multiple loci |	2072622
             % of reads mapped to multiple loci |	1.93%
        Number of reads mapped to too many loci |	13808
             % of reads mapped to too many loci |	0.01%
                                  UNMAPPED READS:
  Number of reads unmapped: too many mismatches |	0
       % of reads unmapped: too many mismatches |	0.00%
            Number of reads unmapped: too short |	1483324
                 % of reads unmapped: too short |	1.38%
                Number of reads unmapped: other |	47781
                     % of reads unmapped: other |	0.04%
                                  CHIMERIC READS:
                       Number of chimeric reads |	0
                            % of chimeric reads |	0.00%
