[2025-06-19 17:42:46.236] [jointLog] [info] setting maxHashResizeThreads to 8
[2025-06-19 17:42:46.236] [jointLog] [info] Fragment incompatibility prior below threshold.  Incompatible fragments will be ignored.
[2025-06-19 17:42:46.236] [jointLog] [info] Usage of --validateMappings implies use of minScoreFraction. Since not explicitly specified, it is being set to 0.65
[2025-06-19 17:42:46.236] [jointLog] [info] Setting consensusSlack to selective-alignment default of 0.35.
[2025-06-19 17:42:46.236] [jointLog] [info] parsing read library format
[2025-06-19 17:42:46.236] [jointLog] [info] There is 1 library.
[2025-06-19 17:42:46.236] [jointLog] [info] Loading pufferfish index
[2025-06-19 17:42:46.237] [jointLog] [info] Loading dense pufferfish index.
[2025-06-19 17:43:10.199] [jointLog] [info] done
[2025-06-19 17:43:10.234] [jointLog] [info] Index contained 193,954 targets
[2025-06-19 17:43:10.262] [jointLog] [info] Number of decoys : 194
[2025-06-19 17:43:10.262] [jointLog] [info] First decoy index : 193,713 
[2025-06-19 17:43:10.734] [jointLog] [info] Automatically detected most likely library type as ISR

[2025-06-19 17:55:27.646] [jointLog] [info] Thread saw mini-batch with a maximum of 5.00% zero probability fragments
[2025-06-19 17:55:27.738] [jointLog] [info] Thread saw mini-batch with a maximum of 4.88% zero probability fragments
[2025-06-19 17:55:27.744] [jointLog] [info] Thread saw mini-batch with a maximum of 4.94% zero probability fragments
[2025-06-19 17:55:27.756] [jointLog] [info] Thread saw mini-batch with a maximum of 5.18% zero probability fragments
[2025-06-19 17:55:27.758] [jointLog] [info] Thread saw mini-batch with a maximum of 4.88% zero probability fragments
[2025-06-19 17:55:27.851] [jointLog] [info] Thread saw mini-batch with a maximum of 5.04% zero probability fragments
[2025-06-19 17:55:27.857] [jointLog] [info] Thread saw mini-batch with a maximum of 5.04% zero probability fragments
[2025-06-19 17:55:27.860] [jointLog] [info] Thread saw mini-batch with a maximum of 5.24% zero probability fragments
[2025-06-19 17:55:28.088] [fileLog] [info] 
At end of round 0
==================
Observed 105133249 total fragments (105133249 in most recent round)

[2025-06-19 17:55:28.088] [jointLog] [info] Computed 521,103 rich equivalence classes for further processing
[2025-06-19 17:55:28.088] [jointLog] [info] Counted 90,561,166 total reads in the equivalence classes 
[2025-06-19 17:55:28.094] [jointLog] [info] Number of mappings discarded because of alignment score : 48,706,982
[2025-06-19 17:55:28.094] [jointLog] [info] Number of fragments entirely discarded because of alignment score : 4,837,245
[2025-06-19 17:55:28.094] [jointLog] [info] Number of fragments discarded because they are best-mapped to decoys : 3,364,903
[2025-06-19 17:55:28.094] [jointLog] [info] Number of fragments discarded because they have only dovetail (discordant) mappings to valid targets : 205,608
[2025-06-19 17:55:28.094] [jointLog] [info] Mapping rate = 86.1394%

[2025-06-19 17:55:28.094] [jointLog] [info] finished quantifyLibrary()
[2025-06-19 17:55:28.096] [jointLog] [info] Starting optimizer
[2025-06-19 17:55:28.274] [jointLog] [info] Marked 0 weighted equivalence classes as degenerate
[2025-06-19 17:55:28.287] [jointLog] [info] iteration = 0 | max rel diff. = 52.6738
[2025-06-19 17:55:29.589] [jointLog] [info] iteration = 100 | max rel diff. = 17.8987
[2025-06-19 17:55:30.893] [jointLog] [info] iteration = 200 | max rel diff. = 4.73997
[2025-06-19 17:55:32.203] [jointLog] [info] iteration = 300 | max rel diff. = 13.1356
[2025-06-19 17:55:33.511] [jointLog] [info] iteration = 400 | max rel diff. = 6.85601
[2025-06-19 17:55:34.815] [jointLog] [info] iteration = 500 | max rel diff. = 0.314205
[2025-06-19 17:55:36.114] [jointLog] [info] iteration = 600 | max rel diff. = 0.516577
[2025-06-19 17:55:37.418] [jointLog] [info] iteration = 700 | max rel diff. = 0.240512
[2025-06-19 17:55:38.725] [jointLog] [info] iteration = 800 | max rel diff. = 0.245708
[2025-06-19 17:55:40.034] [jointLog] [info] iteration = 900 | max rel diff. = 0.171524
[2025-06-19 17:55:41.337] [jointLog] [info] iteration = 1,000 | max rel diff. = 0.475917
[2025-06-19 17:55:42.640] [jointLog] [info] iteration = 1,100 | max rel diff. = 0.226432
[2025-06-19 17:55:43.945] [jointLog] [info] iteration = 1,200 | max rel diff. = 0.150112
[2025-06-19 17:55:45.254] [jointLog] [info] iteration = 1,300 | max rel diff. = 0.483747
[2025-06-19 17:55:46.562] [jointLog] [info] iteration = 1,400 | max rel diff. = 0.09254
[2025-06-19 17:55:47.861] [jointLog] [info] iteration = 1,500 | max rel diff. = 0.0535799
[2025-06-19 17:55:48.264] [jointLog] [info] iteration = 1,532 | max rel diff. = 0.00833168
[2025-06-19 17:55:48.270] [jointLog] [info] Finished optimizer
[2025-06-19 17:55:48.270] [jointLog] [info] writing output 

